Build started 11/6/2018 8:34:03 PM.
     1>Project "H:\study\programs\Data Structuer\DoubleLinkList_IN_C++\Queue_by_linklist_c++\Queue_by_linklist_c++\Queue_by_linklist_c++.vcxproj" on node 2 (build target(s)).
     1>InitializeBuildStatus:
         Creating "Debug\Queue_by_linklist_c++.unsuccessfulbuild" because "AlwaysCreate" was specified.
       ClCompile:
         C:\Program Files (x86)\Microsoft Visual Studio 10.0\VC\bin\CL.exe /c /ZI /nologo /W3 /WX- /Od /Oy- /D WIN32 /D _DEBUG /D _CONSOLE /D _UNICODE /D UNICODE /Gm /EHsc /RTC1 /MDd /GS /fp:precise /Zc:wchar_t /Zc:forScope /Fo"Debug\\" /Fd"Debug\vc100.pdb" /Gd /TP /analyze- /errorReport:prompt main.cpp nodeimp.cpp
         nodeimp.cpp
         main.cpp
     1>h:\study\programs\data structuer\doublelinklist_in_c++\queue_by_linklist_c++\queue_by_linklist_c++\main.cpp(7): warning C4101: 'position' : unreferenced local variable
         Generating Code...
       ManifestResourceCompile:
         All outputs are up-to-date.
       Link:
         C:\Program Files (x86)\Microsoft Visual Studio 10.0\VC\bin\link.exe /ERRORREPORT:PROMPT /OUT:"H:\study\programs\Data Structuer\DoubleLinkList_IN_C++\Queue_by_linklist_c++\Debug\Queue_by_linklist_c++.exe" /INCREMENTAL /NOLOGO kernel32.lib user32.lib gdi32.lib winspool.lib comdlg32.lib advapi32.lib shell32.lib ole32.lib oleaut32.lib uuid.lib odbc32.lib odbccp32.lib /MANIFEST /ManifestFile:"Debug\Queue_by_linklist_c++.exe.intermediate.manifest" /MANIFESTUAC:"level='asInvoker' uiAccess='false'" /DEBUG /PDB:"H:\study\programs\Data Structuer\DoubleLinkList_IN_C++\Queue_by_linklist_c++\Debug\Queue_by_linklist_c++.pdb" /SUBSYSTEM:CONSOLE /TLBID:1 /DYNAMICBASE /NXCOMPAT /IMPLIB:"H:\study\programs\Data Structuer\DoubleLinkList_IN_C++\Queue_by_linklist_c++\Debug\Queue_by_linklist_c++.lib" /MACHINE:X86 Debug\Queue_by_linklist_c++.exe.embed.manifest.res
         Debug\main.obj
         Debug\nodeimp.obj
       Manifest:
         C:\Program Files (x86)\Microsoft SDKs\Windows\v7.0A\bin\mt.exe /nologo /verbose /out:"Debug\Queue_by_linklist_c++.exe.embed.manifest" /manifest Debug\Queue_by_linklist_c++.exe.intermediate.manifest
         All outputs are up-to-date.
       LinkEmbedManifest:
         All outputs are up-to-date.
         Queue_by_linklist_c++.vcxproj -> H:\study\programs\Data Structuer\DoubleLinkList_IN_C++\Queue_by_linklist_c++\Debug\Queue_by_linklist_c++.exe
       FinalizeBuildStatus:
         Deleting file "Debug\Queue_by_linklist_c++.unsuccessfulbuild".
         Touching "Debug\Queue_by_linklist_c++.lastbuildstate".
     1>Done Building Project "H:\study\programs\Data Structuer\DoubleLinkList_IN_C++\Queue_by_linklist_c++\Queue_by_linklist_c++\Queue_by_linklist_c++.vcxproj" (build target(s)).

Build succeeded.

Time Elapsed 00:00:05.59
